#
# There is insufficient memory for the Java Runtime Environment to continue.
# Native memory allocation (mmap) failed to map 268435456 bytes for Failed to commit area from 0x0000000701000000 to 0x0000000711000000 of length 268435456.
# Possible reasons:
#   The system is out of physical RAM or swap space
#   The process is running with CompressedOops enabled, and the Java Heap may be blocking the growth of the native heap
# Possible solutions:
#   Reduce memory load on the system
#   Increase physical memory or swap space
#   Check if swap backing store is full
#   Decrease Java heap size (-Xmx/-Xms)
#   Decrease number of Java threads
#   Decrease Java thread stack sizes (-Xss)
#   Set larger code cache with -XX:ReservedCodeCacheSize=
# This output file may be truncated or incomplete.
#
#  Out of Memory Error (c:/BuildAgent/work/5ff2f6c26000d570/src/hotspot/os/windows/os_windows.cpp:3281), pid=20876, tid=18772
#
# JRE version:  (11.0.4+10) (build )
# Java VM: OpenJDK 64-Bit Server VM (11.0.4+10-b304.77, mixed mode, aot, sharing, tiered, compressed oops, g1 gc, windows-amd64)
# No core dump will be written. Minidumps are not enabled by default on client versions of Windows
#

---------------  S U M M A R Y ------------

Command Line: org.jetbrains.git4idea.http.GitAskPassApp Username for 'https://github.com': 

Host: Intel(R) Core(TM) i5-2500S CPU @ 2.70GHz, 4 cores, 15G,  Windows 10 , 64 bit Build 18362 (10.0.18362.329)
Time: Fri Nov 15 23:18:28 2019 RTZ 2 (ceia) elapsed time: 0 seconds (0d 0h 0m 0s)

---------------  T H R E A D  ---------------

Current thread (0x0000021a2c6fc000):  JavaThread "Unknown thread" [_thread_in_vm, id=18772, stack(0x0000004b30600000,0x0000004b30700000)]

Stack: [0x0000004b30600000,0x0000004b30700000]
Native frames: (J=compiled Java code, j=interpreted, Vv=VM code, C=native code)
V  [jvm.dll+0x5db31a]
V  [jvm.dll+0x70c395]
V  [jvm.dll+0x70d8b8]
V  [jvm.dll+0x70df83]
V  [jvm.dll+0x23dbb8]
V  [jvm.dll+0x5d8a74]
V  [jvm.dll+0x5cdb05]
V  [jvm.dll+0x2fa5bb]
V  [jvm.dll+0x2fa52a]
V  [jvm.dll+0x2fa402]
V  [jvm.dll+0x2ff2c6]
V  [jvm.dll+0x347893]
V  [jvm.dll+0x347f96]
V  [jvm.dll+0x347993]
V  [jvm.dll+0x2d4e28]
V  [jvm.dll+0x2d5fd7]
V  [jvm.dll+0x6eb717]
V  [jvm.dll+0x6ecf0c]
V  [jvm.dll+0x354fb9]
V  [jvm.dll+0x6d35be]
V  [jvm.dll+0x3bd673]
V  [jvm.dll+0x3bf9f1]
C  [java.exe+0x3763]
C  [java.exe+0x17a0c]
C  [KERNEL32.DLL+0x17bd4]
C  [ntdll.dll+0x6ced1]


---------------  P R O C E S S  ---------------

Threads class SMR info:
_java_thread_list=0x0000021a2ad489e0, length=0, elements={
}

Java Threads: ( => current thread )

Other Threads:
  0x0000021a2c715000 GCTaskThread "GC Thread#0" [stack: 0x0000004b30700000,0x0000004b30800000] [id=21012]
  0x0000021a2c771800 ConcurrentGCThread "G1 Main Marker" [stack: 0x0000004b30800000,0x0000004b30900000] [id=11856]
  0x0000021a2c773000 ConcurrentGCThread "G1 Conc#0" [stack: 0x0000004b30900000,0x0000004b30a00000] [id=19392]

[error occurred during error reporting (printing all threads), id 0xc0000005, EXCEPTION_ACCESS_VIOLATION (0xc0000005) at pc=0x00007ffaebcd5727]

VM state:not at safepoint (not fully initialized)

VM Mutex/Monitor currently owned by a thread:  ([mutex/lock_event])
[0x0000021a2c6f8960] Heap_lock - owner thread: 0x0000021a2c6fc000

Heap address: 0x0000000701000000, size: 4080 MB, Compressed Oops mode: Non-zero based: 0x0000000701000000
Narrow klass base: 0x0000000000000000, Narrow klass shift: 0

GC Heap History (0 events):
No events

Deoptimization events (0 events):
No events

Classes redefined (0 events):
No events

Internal exceptions (0 events):
No events

Events (0 events):
No events


Dynamic libraries:
0x00007ff7dccb0000 - 0x00007ff7dccf7000 	C:\Program Files\JetBrains\PyCharm 2019.2\jbr\bin\java.exe
0x00007ffb38da0000 - 0x00007ffb38f90000 	C:\WINDOWS\SYSTEM32\ntdll.dll
0x00007ffb24bf0000 - 0x00007ffb24c04000 	D:\Program Files\AVAST Software\Avast\aswhook.dll
0x00007ffb38820000 - 0x00007ffb388d2000 	C:\WINDOWS\System32\KERNEL32.DLL
0x00007ffb35eb0000 - 0x00007ffb36153000 	C:\WINDOWS\System32\KERNELBASE.dll
0x00007ffb389b0000 - 0x00007ffb38b44000 	C:\WINDOWS\System32\USER32.dll
0x00007ffb362b0000 - 0x00007ffb362d1000 	C:\WINDOWS\System32\win32u.dll
0x00007ffb38090000 - 0x00007ffb380b6000 	C:\WINDOWS\System32\GDI32.dll
0x00007ffb36b80000 - 0x00007ffb36d14000 	C:\WINDOWS\System32\gdi32full.dll
0x00007ffb35e10000 - 0x00007ffb35eae000 	C:\WINDOWS\System32\msvcp_win.dll
0x00007ffb36a80000 - 0x00007ffb36b7a000 	C:\WINDOWS\System32\ucrtbase.dll
0x00007ffb15330000 - 0x00007ffb155b5000 	C:\WINDOWS\WinSxS\amd64_microsoft.windows.common-controls_6595b64144ccf1df_6.0.18362.476_none_e6c4b11b130f2595\COMCTL32.dll
0x00007ffb36ef0000 - 0x00007ffb36f8e000 	C:\WINDOWS\System32\msvcrt.dll
0x00007ffb38320000 - 0x00007ffb38656000 	C:\WINDOWS\System32\combase.dll
0x00007ffb37f00000 - 0x00007ffb38020000 	C:\WINDOWS\System32\RPCRT4.dll
0x00007ffb35d90000 - 0x00007ffb35e10000 	C:\WINDOWS\System32\bcryptPrimitives.dll
0x00007ffb381b0000 - 0x00007ffb381de000 	C:\WINDOWS\System32\IMM32.DLL
0x00007ffb29dc0000 - 0x00007ffb29dd7000 	C:\Program Files\JetBrains\PyCharm 2019.2\jbr\bin\vcruntime140.dll
0x00007ffb059d0000 - 0x00007ffb05a6d000 	C:\Program Files\JetBrains\PyCharm 2019.2\jbr\bin\msvcp140.dll
0x00007ffaeb9f0000 - 0x00007ffaec4a8000 	C:\Program Files\JetBrains\PyCharm 2019.2\jbr\bin\server\jvm.dll
0x00007ffb36f90000 - 0x00007ffb37033000 	C:\WINDOWS\System32\ADVAPI32.dll
0x00007ffb36e50000 - 0x00007ffb36ee7000 	C:\WINDOWS\System32\sechost.dll
0x00007ffb38020000 - 0x00007ffb38028000 	C:\WINDOWS\System32\PSAPI.DLL
0x00007ffb2dc00000 - 0x00007ffb2dc09000 	C:\WINDOWS\SYSTEM32\WSOCK32.dll
0x00007ffb380c0000 - 0x00007ffb3812f000 	C:\WINDOWS\System32\WS2_32.dll
0x00007ffb2d600000 - 0x00007ffb2d624000 	C:\WINDOWS\SYSTEM32\WINMM.dll
0x00007ffb31ba0000 - 0x00007ffb31baa000 	C:\WINDOWS\SYSTEM32\VERSION.dll
0x00007ffb2d5d0000 - 0x00007ffb2d5fd000 	C:\WINDOWS\SYSTEM32\WINMMBASE.dll
0x00007ffb36d20000 - 0x00007ffb36d6a000 	C:\WINDOWS\System32\cfgmgr32.dll
0x00007ffb35cf0000 - 0x00007ffb35d01000 	C:\WINDOWS\System32\kernel.appcore.dll
0x00007ffb01f60000 - 0x00007ffb01f71000 	C:\Program Files\JetBrains\PyCharm 2019.2\jbr\bin\verify.dll
0x00007ffb30550000 - 0x00007ffb30744000 	C:\WINDOWS\SYSTEM32\DBGHELP.DLL
0x00007ffb30480000 - 0x00007ffb304aa000 	C:\WINDOWS\SYSTEM32\dbgcore.DLL
0x00007ffb012a0000 - 0x00007ffb012c9000 	C:\Program Files\JetBrains\PyCharm 2019.2\jbr\bin\java.dll
0x00007ffb01850000 - 0x00007ffb01867000 	C:\Program Files\JetBrains\PyCharm 2019.2\jbr\bin\zip.dll
0x00007ffb2cef0000 - 0x00007ffb2cefb000 	C:\Program Files\JetBrains\PyCharm 2019.2\jbr\bin\jimage.dll

dbghelp: loaded successfully - version: 4.0.5 - missing functions: none
symbol engine: initialized successfully - sym options: 0x614 - pdb path: .;C:\Program Files\JetBrains\PyCharm 2019.2\jbr\bin;C:\WINDOWS\SYSTEM32;D:\Program Files\AVAST Software\Avast;C:\WINDOWS\WinSxS\amd64_microsoft.windows.common-controls_6595b64144ccf1df_6.0.18362.476_none_e6c4b11b130f2595;C:\Program Files\JetBrains\PyCharm 2019.2\jbr\bin\server

VM Arguments:
java_command: org.jetbrains.git4idea.http.GitAskPassApp Username for 'https://github.com': 
java_class_path (initial): C:/Program Files/JetBrains/PyCharm 2019.2/plugins/git4idea/lib/git4idea-rt.jar;C:/Program Files/JetBrains/PyCharm 2019.2/lib/xmlrpc-2.0.1.jar;C:/Program Files/JetBrains/PyCharm 2019.2/lib/commons-codec-1.13.jar;C:/Program Files/JetBrains/PyCharm 2019.2/lib/util.jar
Launcher Type: SUN_STANDARD

[Global flags]
     intx CICompilerCount                          = 3                                         {product} {ergonomic}
     uint ConcGCThreads                            = 1                                         {product} {ergonomic}
     uint G1ConcRefinementThreads                  = 4                                         {product} {ergonomic}
   size_t G1HeapRegionSize                         = 1048576                                   {product} {ergonomic}
    uintx GCDrainStackTargetSize                   = 64                                        {product} {ergonomic}
   size_t InitialHeapSize                          = 268435456                                 {product} {ergonomic}
   size_t MarkStackSize                            = 4194304                                   {product} {ergonomic}
   size_t MaxHeapSize                              = 4278190080                                {product} {ergonomic}
   size_t MinHeapDeltaBytes                        = 1048576                                   {product} {ergonomic}
    uintx NonNMethodCodeHeapSize                   = 5830092                                {pd product} {ergonomic}
    uintx NonProfiledCodeHeapSize                  = 122914074                              {pd product} {ergonomic}
    uintx ProfiledCodeHeapSize                     = 122914074                              {pd product} {ergonomic}
    uintx ReservedCodeCacheSize                    = 251658240                              {pd product} {ergonomic}
     bool SegmentedCodeCache                       = true                                      {product} {ergonomic}
     bool UseCompressedClassPointers               = true                                 {lp64_product} {ergonomic}
     bool UseCompressedOops                        = true                                 {lp64_product} {ergonomic}
     bool UseG1GC                                  = true                                      {product} {ergonomic}
     bool UseLargePagesIndividualAllocation        = false                                  {pd product} {ergonomic}

Logging:
Log output configuration:
 #0: stdout all=warning uptime,level,tags
 #1: stderr all=off uptime,level,tags

Environment Variables:
PATH=D:\Program Files\Git\mingw64\libexec\git-core;D:\Program Files\Git\mingw64\libexec\git-core;D:\Program Files\Git\mingw64\bin;D:\Program Files\Git\usr\bin;C:\Users\User\bin;C:\Program Files\Microsoft MPI\Bin;C:\Program Files (x86)\Razer Chroma SDK\bin;C:\Program Files\Razer Chroma SDK\bin;C:\ProgramData\Oracle\Java\javapath;C:\Windows\system32;C:\Windows;C:\Windows\System32\Wbem;C:\Windows\System32\WindowsPowerShell\v1.0;C:\Program Files\7-Zip;C:\Program Files (x86)\Microsoft SQL Server\110\Tools\Binn;C:\Program Files\Microsoft SQL Server\110\Tools\Binn;C:\Program Files\Microsoft SQL Server\110\DTS\Binn;C:\Users\User\.dnx\bin;C:\Program Files\Microsoft DNX\Dnvm;C:\Program Files\Microsoft SQL Server\130\Tools\Binn;C:\Program Files\Common Files\Autodesk Shared;C:\Program Files (x86)\Windows Live\Shared;C:\WINDOWS\system32;C:\WINDOWS;C:\WINDOWS\System32\Wbem;C:\WINDOWS\System32\WindowsPowerShell\v1.0;C:\Program Files (x86)\GtkSharp\2.12\bin;C:\Program Files\dotnet;C:\Program Files\Microsoft SQL Server\120\Tools\Binn;C:\WINDOWS\System32\OpenSSH;D:\Program Files\Git\cmd;C:\WINDOWS\system32\config\systemprofile\AppData\Local\Microsoft\WindowsApps;C:\Program Files (x86)\Windows Kits\8.1\Windows Performance Toolkit;D:\Program Files\PuTTY;C:\Program Files\NVIDIA Corporation\NVIDIA NvDLISR;C:\Program Files (x86)\Common Files\Acronis\VirtualFile;C:\Program Files (x86)\Common Files\Acronis\VirtualFile64;C:\Program Files (x86)\Common Files\Acronis\FileProtector;C:\Program Files (x86)\Common Files\Acronis\FileProtector64;C:\Program Files (x86)\Common Files\Acronis\SnapAPI;C:\Program Files (x86)\Windows Kits\10\Windows Performance Toolkit;C:\Program Files (x86)\Windows Kits\10\Microsoft Application Virtualization\Sequencer;C:\Program Files (x86)\NVIDIA Corporation\PhysX\Common;C:\WINDOWS\system32;C:\WINDOWS;C:\WINDOWS\System32\Wbem;C:\WINDOWS\System32\WindowsPowerShell\v1.0;C:\WINDOWS\System32\OpenSSH;C:\Program Files\Microsoft SQL Server\Client SDK\ODBC\170\Tools\Binn;D:\Ruby25-
USERNAME=Farel_Main_PC
DISPLAY=:0.0
OS=Windows_NT
PROCESSOR_IDENTIFIER=Intel64 Family 6 Model 42 Stepping 7, GenuineIntel



---------------  S Y S T E M  ---------------

OS: Windows 10 , 64 bit Build 18362 (10.0.18362.329)

CPU:total 4 (initial active 4) (4 cores per cpu, 1 threads per core) family 6 model 42 stepping 7, cmov, cx8, fxsr, mmx, sse, sse2, sse3, ssse3, sse4.1, sse4.2, popcnt, avx, aes, clmul, tsc, tscinvbit

Memory: 4k page, system-wide physical 16316M (5827M free)
TotalPageFile size 65448M (AvailPageFile size 239M)
current process WorkingSet (physical memory assigned to process): 10M, peak: 10M
current process commit charge ("private bytes"): 52M, peak: 308M

vm_info: OpenJDK 64-Bit Server VM (11.0.4+10-b304.77) for windows-amd64 JRE (11.0.4+10-b304.77), built on Oct 10 2019 15:02:36 by "" with MS VC++ 14.0 (VS2015)

END.
